e:\gitproject\hotdog3d\winplayer\winplayer\debug\winplayer.pch
e:\gitproject\hotdog3d\winplayer\winplayer\debug\vc141.pdb
e:\gitproject\hotdog3d\winplayer\winplayer\debug\vc141.idb
e:\gitproject\hotdog3d\winplayer\winplayer\debug\pch.obj
e:\gitproject\hotdog3d\winplayer\winplayer\debug\winplayer.obj
e:\gitproject\hotdog3d\winplayer\winplayer\debug\glad.obj
e:\gitproject\hotdog3d\winplayer\debug\winplayer.pdb
e:\gitproject\hotdog3d\winplayer\winplayer\debug\winplayer.tlog\cl.command.1.tlog
e:\gitproject\hotdog3d\winplayer\winplayer\debug\winplayer.tlog\cl.read.1.tlog
e:\gitproject\hotdog3d\winplayer\winplayer\debug\winplayer.tlog\cl.write.1.tlog
e:\gitproject\hotdog3d\winplayer\winplayer\debug\winplayer.tlog\link-cvtres.read.1.tlog
e:\gitproject\hotdog3d\winplayer\winplayer\debug\winplayer.tlog\link-cvtres.write.1.tlog
e:\gitproject\hotdog3d\winplayer\winplayer\debug\winplayer.tlog\link-rc.read.1.tlog
e:\gitproject\hotdog3d\winplayer\winplayer\debug\winplayer.tlog\link-rc.write.1.tlog
e:\gitproject\hotdog3d\winplayer\winplayer\debug\winplayer.tlog\link.8616-cvtres.read.1.tlog
e:\gitproject\hotdog3d\winplayer\winplayer\debug\winplayer.tlog\link.8616-cvtres.write.1.tlog
e:\gitproject\hotdog3d\winplayer\winplayer\debug\winplayer.tlog\link.8616-rc.read.1.tlog
e:\gitproject\hotdog3d\winplayer\winplayer\debug\winplayer.tlog\link.8616-rc.write.1.tlog
e:\gitproject\hotdog3d\winplayer\winplayer\debug\winplayer.tlog\link.8616.read.1.tlog
e:\gitproject\hotdog3d\winplayer\winplayer\debug\winplayer.tlog\link.8616.write.1.tlog
e:\gitproject\hotdog3d\winplayer\winplayer\debug\winplayer.tlog\link.command.1.tlog
e:\gitproject\hotdog3d\winplayer\winplayer\debug\winplayer.tlog\link.read.1.tlog
e:\gitproject\hotdog3d\winplayer\winplayer\debug\winplayer.tlog\link.write.1.tlog
