e:\gitproject\hotdog3d\winplayer\winplayer\x64\debug\winplayer.pch
e:\gitproject\hotdog3d\winplayer\winplayer\x64\debug\vc141.pdb
e:\gitproject\hotdog3d\winplayer\winplayer\x64\debug\vc141.idb
e:\gitproject\hotdog3d\winplayer\winplayer\x64\debug\pch.obj
e:\gitproject\hotdog3d\winplayer\winplayer\x64\debug\glad.obj
e:\gitproject\hotdog3d\winplayer\winplayer\x64\debug\winplayer.obj
e:\gitproject\hotdog3d\winplayer\winplayer\x64\debug\illumationtest.obj
e:\gitproject\hotdog3d\winplayer\x64\debug\winplayer.exe
e:\gitproject\hotdog3d\winplayer\x64\debug\winplayer.ilk
e:\gitproject\hotdog3d\winplayer\x64\debug\winplayer.pdb
e:\gitproject\hotdog3d\winplayer\winplayer\x64\debug\winplayer.tlog\cl.command.1.tlog
e:\gitproject\hotdog3d\winplayer\winplayer\x64\debug\winplayer.tlog\cl.read.1.tlog
e:\gitproject\hotdog3d\winplayer\winplayer\x64\debug\winplayer.tlog\cl.write.1.tlog
e:\gitproject\hotdog3d\winplayer\winplayer\x64\debug\winplayer.tlog\link-cvtres.read.1.tlog
e:\gitproject\hotdog3d\winplayer\winplayer\x64\debug\winplayer.tlog\link-cvtres.write.1.tlog
e:\gitproject\hotdog3d\winplayer\winplayer\x64\debug\winplayer.tlog\link-rc.read.1.tlog
e:\gitproject\hotdog3d\winplayer\winplayer\x64\debug\winplayer.tlog\link-rc.write.1.tlog
e:\gitproject\hotdog3d\winplayer\winplayer\x64\debug\winplayer.tlog\link.15992-cvtres.read.1.tlog
e:\gitproject\hotdog3d\winplayer\winplayer\x64\debug\winplayer.tlog\link.15992-cvtres.write.1.tlog
e:\gitproject\hotdog3d\winplayer\winplayer\x64\debug\winplayer.tlog\link.15992-rc.read.1.tlog
e:\gitproject\hotdog3d\winplayer\winplayer\x64\debug\winplayer.tlog\link.15992-rc.write.1.tlog
e:\gitproject\hotdog3d\winplayer\winplayer\x64\debug\winplayer.tlog\link.15992.read.1.tlog
e:\gitproject\hotdog3d\winplayer\winplayer\x64\debug\winplayer.tlog\link.15992.write.1.tlog
e:\gitproject\hotdog3d\winplayer\winplayer\x64\debug\winplayer.tlog\link.command.1.tlog
e:\gitproject\hotdog3d\winplayer\winplayer\x64\debug\winplayer.tlog\link.read.1.tlog
e:\gitproject\hotdog3d\winplayer\winplayer\x64\debug\winplayer.tlog\link.write.1.tlog
